WARNING: A terminally deprecated method in sun.misc.Unsafe has been called
WARNING: sun.misc.Unsafe::staticFieldBase has been called by com.google.inject.internal.aop.HiddenClassDefiner (file:/opt/homebrew/Cellar/maven/3.9.10/libexec/lib/guice-5.1.0-classes.jar)
WARNING: Please consider reporting this to the maintainers of class com.google.inject.internal.aop.HiddenClassDefiner
WARNING: sun.misc.Unsafe::staticFieldBase will be removed in a future release
[INFO] Scanning for projects...
[INFO] 
[INFO] --------------< com.footballdynasty:football-dynasty-api >--------------
[INFO] Building football-dynasty-api 0.0.1-SNAPSHOT
[INFO]   from pom.xml
[INFO] --------------------------------[ jar ]---------------------------------
[INFO] 
[INFO] >>> spring-boot:3.2.1:run (default-cli) > test-compile @ football-dynasty-api >>>
[INFO] 
[INFO] --- resources:3.3.1:resources (default-resources) @ football-dynasty-api ---
[INFO] Copying 1 resource from src/main/resources to target/classes
[INFO] Copying 1 resource from src/main/resources to target/classes
[INFO] 
[INFO] --- compiler:3.11.0:compile (default-compile) @ football-dynasty-api ---
[INFO] Nothing to compile - all classes are up to date
[INFO] 
[INFO] --- resources:3.3.1:testResources (default-testResources) @ football-dynasty-api ---
[INFO] Copying 1 resource from src/test/resources to target/test-classes
[INFO] 
[INFO] --- compiler:3.11.0:testCompile (default-testCompile) @ football-dynasty-api ---
[INFO] Nothing to compile - all classes are up to date
[INFO] 
[INFO] <<< spring-boot:3.2.1:run (default-cli) < test-compile @ football-dynasty-api <<<
[INFO] 
[INFO] 
[INFO] --- spring-boot:3.2.1:run (default-cli) @ football-dynasty-api ---
[INFO] Attaching agents: []

  .   ____          _            __ _ _
 /\\ / ___'_ __ _ _(_)_ __  __ _ \ \ \ \
( ( )\___ | '_ | '_| | '_ \/ _` | \ \ \ \
 \\/  ___)| |_)| | | | | || (_| |  ) ) ) )
  '  |____| .__|_| |_|_| |_\__, | / / / /
 =========|_|==============|___/=/_/_/_/
[32m :: Spring Boot :: [39m              [2m (v3.2.1)[0;39m

[2m2025-06-16T21:04:40.504-04:00[0;39m [32m INFO[0;39m [35m84843[0;39m [2m---[0;39m [2m[football-dynasty-api] [           main][0;39m [2m[0;39m[36mc.f.FootballDynastyApplication          [0;39m [2m:[0;39m Starting FootballDynastyApplication using Java 24.0.1 with PID 84843 (/Users/brodycritchlow/Projects/footballdynasty-new/backend/target/classes started by brodycritchlow in /Users/brodycritchlow/Projects/footballdynasty-new/backend)
[2m2025-06-16T21:04:40.505-04:00[0;39m [32mDEBUG[0;39m [35m84843[0;39m [2m---[0;39m [2m[football-dynasty-api] [           main][0;39m [2m[0;39m[36mc.f.FootballDynastyApplication          [0;39m [2m:[0;39m Running with Spring Boot v3.2.1, Spring v6.1.2
[2m2025-06-16T21:04:40.505-04:00[0;39m [32m INFO[0;39m [35m84843[0;39m [2m---[0;39m [2m[football-dynasty-api] [           main][0;39m [2m[0;39m[36mc.f.FootballDynastyApplication          [0;39m [2m:[0;39m No active profile set, falling back to 1 default profile: "default"
[2m2025-06-16T21:04:40.719-04:00[0;39m [32m INFO[0;39m [35m84843[0;39m [2m---[0;39m [2m[football-dynasty-api] [           main][0;39m [2m[0;39m[36m.s.d.r.c.RepositoryConfigurationDelegate[0;39m [2m:[0;39m Bootstrapping Spring Data JPA repositories in DEFAULT mode.
[2m2025-06-16T21:04:40.737-04:00[0;39m [32m INFO[0;39m [35m84843[0;39m [2m---[0;39m [2m[football-dynasty-api] [           main][0;39m [2m[0;39m[36m.s.d.r.c.RepositoryConfigurationDelegate[0;39m [2m:[0;39m Finished Spring Data repository scanning in 15 ms. Found 5 JPA repository interfaces.
WARNING: A restricted method in java.lang.System has been called
WARNING: java.lang.System::load has been called by org.apache.tomcat.jni.Library in an unnamed module (file:/Users/brodycritchlow/.m2/repository/org/apache/tomcat/embed/tomcat-embed-core/10.1.17/tomcat-embed-core-10.1.17.jar)
WARNING: Use --enable-native-access=ALL-UNNAMED to avoid a warning for callers in this module
WARNING: Restricted methods will be blocked in a future release unless native access is enabled

[2m2025-06-16T21:04:40.895-04:00[0;39m [32m INFO[0;39m [35m84843[0;39m [2m---[0;39m [2m[football-dynasty-api] [           main][0;39m [2m[0;39m[36mo.s.b.w.embedded.tomcat.TomcatWebServer [0;39m [2m:[0;39m Tomcat initialized with port 8080 (http)
[2m2025-06-16T21:04:40.898-04:00[0;39m [32m INFO[0;39m [35m84843[0;39m [2m---[0;39m [2m[football-dynasty-api] [           main][0;39m [2m[0;39m[36mo.apache.catalina.core.StandardService  [0;39m [2m:[0;39m Starting service [Tomcat]
[2m2025-06-16T21:04:40.898-04:00[0;39m [32m INFO[0;39m [35m84843[0;39m [2m---[0;39m [2m[football-dynasty-api] [           main][0;39m [2m[0;39m[36mo.apache.catalina.core.StandardEngine   [0;39m [2m:[0;39m Starting Servlet engine: [Apache Tomcat/10.1.17]
[2m2025-06-16T21:04:40.911-04:00[0;39m [32m INFO[0;39m [35m84843[0;39m [2m---[0;39m [2m[football-dynasty-api] [           main][0;39m [2m[0;39m[36mo.a.c.c.C.[.[localhost].[/api/v2]       [0;39m [2m:[0;39m Initializing Spring embedded WebApplicationContext
[2m2025-06-16T21:04:40.911-04:00[0;39m [32m INFO[0;39m [35m84843[0;39m [2m---[0;39m [2m[football-dynasty-api] [           main][0;39m [2m[0;39m[36mw.s.c.ServletWebServerApplicationContext[0;39m [2m:[0;39m Root WebApplicationContext: initialization completed in 393 ms
[2m2025-06-16T21:04:40.953-04:00[0;39m [32m INFO[0;39m [35m84843[0;39m [2m---[0;39m [2m[football-dynasty-api] [           main][0;39m [2m[0;39m[36mo.hibernate.jpa.internal.util.LogHelper [0;39m [2m:[0;39m HHH000204: Processing PersistenceUnitInfo [name: default]
[2m2025-06-16T21:04:40.965-04:00[0;39m [32m INFO[0;39m [35m84843[0;39m [2m---[0;39m [2m[football-dynasty-api] [           main][0;39m [2m[0;39m[36morg.hibernate.Version                   [0;39m [2m:[0;39m HHH000412: Hibernate ORM core version 6.4.1.Final
[2m2025-06-16T21:04:40.977-04:00[0;39m [32m INFO[0;39m [35m84843[0;39m [2m---[0;39m [2m[football-dynasty-api] [           main][0;39m [2m[0;39m[36mo.h.c.internal.RegionFactoryInitiator   [0;39m [2m:[0;39m HHH000026: Second-level cache disabled
[2m2025-06-16T21:04:41.037-04:00[0;39m [32m INFO[0;39m [35m84843[0;39m [2m---[0;39m [2m[football-dynasty-api] [           main][0;39m [2m[0;39m[36mo.s.o.j.p.SpringPersistenceUnitInfo     [0;39m [2m:[0;39m No LoadTimeWeaver setup: ignoring JPA class transformer
[2m2025-06-16T21:04:41.043-04:00[0;39m [32m INFO[0;39m [35m84843[0;39m [2m---[0;39m [2m[football-dynasty-api] [           main][0;39m [2m[0;39m[36mcom.zaxxer.hikari.HikariDataSource      [0;39m [2m:[0;39m HikariPool-1 - Starting...
[2m2025-06-16T21:04:41.072-04:00[0;39m [32m INFO[0;39m [35m84843[0;39m [2m---[0;39m [2m[football-dynasty-api] [           main][0;39m [2m[0;39m[36mcom.zaxxer.hikari.pool.HikariPool       [0;39m [2m:[0;39m HikariPool-1 - Added connection org.postgresql.jdbc.PgConnection@3ea75b05
[2m2025-06-16T21:04:41.072-04:00[0;39m [32m INFO[0;39m [35m84843[0;39m [2m---[0;39m [2m[football-dynasty-api] [           main][0;39m [2m[0;39m[36mcom.zaxxer.hikari.HikariDataSource      [0;39m [2m:[0;39m HikariPool-1 - Start completed.
[2m2025-06-16T21:04:41.085-04:00[0;39m [33m WARN[0;39m [35m84843[0;39m [2m---[0;39m [2m[football-dynasty-api] [           main][0;39m [2m[0;39m[36morg.hibernate.orm.deprecation           [0;39m [2m:[0;39m HHH90000025: PostgreSQLDialect does not need to be specified explicitly using 'hibernate.dialect' (remove the property setting and it will be selected by default)
[2m2025-06-16T21:04:41.381-04:00[0;39m [32m INFO[0;39m [35m84843[0;39m [2m---[0;39m [2m[football-dynasty-api] [           main][0;39m [2m[0;39m[36mo.h.e.t.j.p.i.JtaPlatformInitiator      [0;39m [2m:[0;39m HHH000489: No JTA platform available (set 'hibernate.transaction.jta.platform' to enable JTA platform integration)
[2m2025-06-16T21:04:41.462-04:00[0;39m [32m INFO[0;39m [35m84843[0;39m [2m---[0;39m [2m[football-dynasty-api] [           main][0;39m [2m[0;39m[36mj.LocalContainerEntityManagerFactoryBean[0;39m [2m:[0;39m Initialized JPA EntityManagerFactory for persistence unit 'default'
[2m2025-06-16T21:04:41.546-04:00[0;39m [32m INFO[0;39m [35m84843[0;39m [2m---[0;39m [2m[football-dynasty-api] [           main][0;39m [2m[0;39m[36mo.s.d.j.r.query.QueryEnhancerFactory    [0;39m [2m:[0;39m Hibernate is in classpath; If applicable, HQL parser will be used.
[2m2025-06-16T21:04:41.708-04:00[0;39m [32mDEBUG[0;39m [35m84843[0;39m [2m---[0;39m [2m[football-dynasty-api] [           main][0;39m [2m[0;39m[36mc.f.security.JwtAuthenticationFilter    [0;39m [2m:[0;39m Filter 'jwtAuthenticationFilter' configured for use
[2m2025-06-16T21:04:41.978-04:00[0;39m [33m WARN[0;39m [35m84843[0;39m [2m---[0;39m [2m[football-dynasty-api] [           main][0;39m [2m[0;39m[36mJpaBaseConfiguration$JpaWebConfiguration[0;39m [2m:[0;39m spring.jpa.open-in-view is enabled by default. Therefore, database queries may be performed during view rendering. Explicitly configure spring.jpa.open-in-view to disable this warning
[2m2025-06-16T21:04:42.082-04:00[0;39m [32m INFO[0;39m [35m84843[0;39m [2m---[0;39m [2m[football-dynasty-api] [           main][0;39m [2m[0;39m[36mo.s.s.web.DefaultSecurityFilterChain    [0;39m [2m:[0;39m Will secure any request with [org.springframework.security.web.session.DisableEncodeUrlFilter@5e8372b8, org.springframework.security.web.context.request.async.WebAsyncManagerIntegrationFilter@32836c7e, org.springframework.security.web.context.SecurityContextHolderFilter@7b6c6005, org.springframework.security.web.header.HeaderWriterFilter@467f47f8, org.springframework.web.filter.CorsFilter@14944a7b, org.springframework.security.web.authentication.logout.LogoutFilter@4bac54cc, com.footballdynasty.security.JwtAuthenticationFilter@2be9add0, org.springframework.security.web.savedrequest.RequestCacheAwareFilter@2388307, org.springframework.security.web.servletapi.SecurityContextHolderAwareRequestFilter@2c7ceffa, org.springframework.security.web.authentication.AnonymousAuthenticationFilter@76774d3f, org.springframework.security.web.session.SessionManagementFilter@4452b545, org.springframework.security.web.access.ExceptionTranslationFilter@5ef1fe1b, org.springframework.security.web.access.intercept.AuthorizationFilter@5467016f]
[2m2025-06-16T21:04:42.186-04:00[0;39m [32m INFO[0;39m [35m84843[0;39m [2m---[0;39m [2m[football-dynasty-api] [           main][0;39m [2m[0;39m[36mo.s.b.w.embedded.tomcat.TomcatWebServer [0;39m [2m:[0;39m Tomcat started on port 8080 (http) with context path '/api/v2'
[2m2025-06-16T21:04:42.190-04:00[0;39m [32m INFO[0;39m [35m84843[0;39m [2m---[0;39m [2m[football-dynasty-api] [           main][0;39m [2m[0;39m[36mc.f.FootballDynastyApplication          [0;39m [2m:[0;39m Started FootballDynastyApplication in 1.794 seconds (process running for 1.884)
[2m2025-06-16T21:04:42.193-04:00[0;39m [32m INFO[0;39m [35m84843[0;39m [2m---[0;39m [2m[football-dynasty-api] [           main][0;39m [2m[0;39m[36mc.f.service.MockDataService             [0;39m [2m:[0;39m METHOD_ENTRY: initializeMockData - environment=development, mockDataEnabled=false
[2m2025-06-16T21:04:42.193-04:00[0;39m [32m INFO[0;39m [35m84843[0;39m [2m---[0;39m [2m[football-dynasty-api] [           main][0;39m [2m[0;39m[36mc.f.service.MockDataService             [0;39m [2m:[0;39m MOCK_DATA_SKIP: Mock data disabled for environment: development
[2m2025-06-16T21:04:58.610-04:00[0;39m [32m INFO[0;39m [35m84843[0;39m [2m---[0;39m [2m[football-dynasty-api] [nio-8080-exec-1][0;39m [2m[0;39m[36mo.a.c.c.C.[.[localhost].[/api/v2]       [0;39m [2m:[0;39m Initializing Spring DispatcherServlet 'dispatcherServlet'
[2m2025-06-16T21:04:58.610-04:00[0;39m [32m INFO[0;39m [35m84843[0;39m [2m---[0;39m [2m[football-dynasty-api] [nio-8080-exec-1][0;39m [2m[0;39m[36mo.s.web.servlet.DispatcherServlet       [0;39m [2m:[0;39m Initializing Servlet 'dispatcherServlet'
[2m2025-06-16T21:04:58.611-04:00[0;39m [32m INFO[0;39m [35m84843[0;39m [2m---[0;39m [2m[football-dynasty-api] [nio-8080-exec-1][0;39m [2m[0;39m[36mo.s.web.servlet.DispatcherServlet       [0;39m [2m:[0;39m Completed initialization in 1 ms
[2m2025-06-16T21:04:58.616-04:00[0;39m [32mDEBUG[0;39m [35m84843[0;39m [2m---[0;39m [2m[football-dynasty-api] [nio-8080-exec-1][0;39m [2m[0;39m[36mo.s.security.web.FilterChainProxy       [0;39m [2m:[0;39m Securing GET /standings
[2m2025-06-16T21:04:58.618-04:00[0;39m [32mDEBUG[0;39m [35m84843[0;39m [2m---[0;39m [2m[football-dynasty-api] [nio-8080-exec-1][0;39m [2m[0;39m[36mo.s.s.w.a.AnonymousAuthenticationFilter [0;39m [2m:[0;39m Set SecurityContextHolder to anonymous SecurityContext
[2m2025-06-16T21:04:58.619-04:00[0;39m [32mDEBUG[0;39m [35m84843[0;39m [2m---[0;39m [2m[football-dynasty-api] [nio-8080-exec-1][0;39m [2m[0;39m[36mo.s.security.web.FilterChainProxy       [0;39m [2m:[0;39m Secured GET /standings
[2m2025-06-16T21:04:58.626-04:00[0;39m [32m INFO[0;39m [35m84843[0;39m [2m---[0;39m [2m[football-dynasty-api] [nio-8080-exec-1][0;39m [2m[0;39m[36mc.f.controller.StandingController       [0;39m [2m:[0;39m GET /standings - year: null, conference: null, page: 0
[2m2025-06-16T21:04:58.627-04:00[0;39m [32m INFO[0;39m [35m84843[0;39m [2m---[0;39m [2m[football-dynasty-api] [nio-8080-exec-1][0;39m [2m[0;39m[36mc.f.service.StandingServiceImpl         [0;39m [2m:[0;39m Finding all standings with pagination: Page request [number: 0, size 20, sort: UNSORTED]
[2m2025-06-16T21:04:58.659-04:00[0;39m [32mDEBUG[0;39m [35m84843[0;39m [2m---[0;39m [2m[football-dynasty-api] [nio-8080-exec-1][0;39m [2m[0;39m[36mc.f.service.StandingServiceImpl         [0;39m [2m:[0;39m Found 25 top 25 ranked teams for current year 2025
[2m2025-06-16T21:04:58.670-04:00[0;39m [32mDEBUG[0;39m [35m84843[0;39m [2m---[0;39m [2m[football-dynasty-api] [nio-8080-exec-1][0;39m [2m[0;39m[36mc.f.controller.StandingController       [0;39m [2m:[0;39m Retrieved 20 standings (total: 25)
[2m2025-06-16T21:05:03.376-04:00[0;39m [32mDEBUG[0;39m [35m84843[0;39m [2m---[0;39m [2m[football-dynasty-api] [nio-8080-exec-3][0;39m [2m[0;39m[36mo.s.security.web.FilterChainProxy       [0;39m [2m:[0;39m Securing GET /standings
[2m2025-06-16T21:05:03.376-04:00[0;39m [32mDEBUG[0;39m [35m84843[0;39m [2m---[0;39m [2m[football-dynasty-api] [nio-8080-exec-3][0;39m [2m[0;39m[36mo.s.s.w.a.AnonymousAuthenticationFilter [0;39m [2m:[0;39m Set SecurityContextHolder to anonymous SecurityContext
[2m2025-06-16T21:05:03.376-04:00[0;39m [32mDEBUG[0;39m [35m84843[0;39m [2m---[0;39m [2m[football-dynasty-api] [nio-8080-exec-3][0;39m [2m[0;39m[36mo.s.security.web.FilterChainProxy       [0;39m [2m:[0;39m Secured GET /standings
[2m2025-06-16T21:05:03.377-04:00[0;39m [32m INFO[0;39m [35m84843[0;39m [2m---[0;39m [2m[football-dynasty-api] [nio-8080-exec-3][0;39m [2m[0;39m[36mc.f.controller.StandingController       [0;39m [2m:[0;39m GET /standings - year: null, conference: null, page: 0
[2m2025-06-16T21:05:03.377-04:00[0;39m [32m INFO[0;39m [35m84843[0;39m [2m---[0;39m [2m[football-dynasty-api] [nio-8080-exec-3][0;39m [2m[0;39m[36mc.f.service.StandingServiceImpl         [0;39m [2m:[0;39m Finding all standings with pagination: Page request [number: 0, size 20, sort: UNSORTED]
[2m2025-06-16T21:05:03.382-04:00[0;39m [32mDEBUG[0;39m [35m84843[0;39m [2m---[0;39m [2m[football-dynasty-api] [nio-8080-exec-3][0;39m [2m[0;39m[36mc.f.service.StandingServiceImpl         [0;39m [2m:[0;39m Found 25 top 25 ranked teams for current year 2025
[2m2025-06-16T21:05:03.390-04:00[0;39m [32mDEBUG[0;39m [35m84843[0;39m [2m---[0;39m [2m[football-dynasty-api] [nio-8080-exec-3][0;39m [2m[0;39m[36mc.f.controller.StandingController       [0;39m [2m:[0;39m Retrieved 20 standings (total: 25)
[2m2025-06-16T21:05:05.939-04:00[0;39m [32mDEBUG[0;39m [35m84843[0;39m [2m---[0;39m [2m[football-dynasty-api] [nio-8080-exec-5][0;39m [2m[0;39m[36mo.s.security.web.FilterChainProxy       [0;39m [2m:[0;39m Securing GET /standings
[2m2025-06-16T21:05:05.939-04:00[0;39m [32mDEBUG[0;39m [35m84843[0;39m [2m---[0;39m [2m[football-dynasty-api] [nio-8080-exec-5][0;39m [2m[0;39m[36mo.s.s.w.a.AnonymousAuthenticationFilter [0;39m [2m:[0;39m Set SecurityContextHolder to anonymous SecurityContext
[2m2025-06-16T21:05:05.939-04:00[0;39m [32mDEBUG[0;39m [35m84843[0;39m [2m---[0;39m [2m[football-dynasty-api] [nio-8080-exec-5][0;39m [2m[0;39m[36mo.s.security.web.FilterChainProxy       [0;39m [2m:[0;39m Secured GET /standings
[2m2025-06-16T21:05:05.940-04:00[0;39m [32m INFO[0;39m [35m84843[0;39m [2m---[0;39m [2m[football-dynasty-api] [nio-8080-exec-5][0;39m [2m[0;39m[36mc.f.controller.StandingController       [0;39m [2m:[0;39m GET /standings - year: null, conference: null, page: 0
[2m2025-06-16T21:05:05.940-04:00[0;39m [32m INFO[0;39m [35m84843[0;39m [2m---[0;39m [2m[football-dynasty-api] [nio-8080-exec-5][0;39m [2m[0;39m[36mc.f.service.StandingServiceImpl         [0;39m [2m:[0;39m Finding all standings with pagination: Page request [number: 0, size 20, sort: UNSORTED]
[2m2025-06-16T21:05:05.944-04:00[0;39m [32mDEBUG[0;39m [35m84843[0;39m [2m---[0;39m [2m[football-dynasty-api] [nio-8080-exec-5][0;39m [2m[0;39m[36mc.f.service.StandingServiceImpl         [0;39m [2m:[0;39m Found 25 top 25 ranked teams for current year 2025
[2m2025-06-16T21:05:05.949-04:00[0;39m [32mDEBUG[0;39m [35m84843[0;39m [2m---[0;39m [2m[football-dynasty-api] [nio-8080-exec-5][0;39m [2m[0;39m[36mc.f.controller.StandingController       [0;39m [2m:[0;39m Retrieved 20 standings (total: 25)
[2m2025-06-16T21:05:24.981-04:00[0;39m [32mDEBUG[0;39m [35m84843[0;39m [2m---[0;39m [2m[football-dynasty-api] [nio-8080-exec-7][0;39m [2m[0;39m[36mo.s.security.web.FilterChainProxy       [0;39m [2m:[0;39m Securing GET /standings?year=2024
[2m2025-06-16T21:05:24.981-04:00[0;39m [32mDEBUG[0;39m [35m84843[0;39m [2m---[0;39m [2m[football-dynasty-api] [nio-8080-exec-7][0;39m [2m[0;39m[36mo.s.s.w.a.AnonymousAuthenticationFilter [0;39m [2m:[0;39m Set SecurityContextHolder to anonymous SecurityContext
[2m2025-06-16T21:05:24.981-04:00[0;39m [32mDEBUG[0;39m [35m84843[0;39m [2m---[0;39m [2m[football-dynasty-api] [nio-8080-exec-7][0;39m [2m[0;39m[36mo.s.security.web.FilterChainProxy       [0;39m [2m:[0;39m Secured GET /standings?year=2024
[2m2025-06-16T21:05:24.982-04:00[0;39m [32m INFO[0;39m [35m84843[0;39m [2m---[0;39m [2m[football-dynasty-api] [nio-8080-exec-7][0;39m [2m[0;39m[36mc.f.controller.StandingController       [0;39m [2m:[0;39m GET /standings - year: 2024, conference: null, page: 0
[2m2025-06-16T21:05:24.983-04:00[0;39m [32m INFO[0;39m [35m84843[0;39m [2m---[0;39m [2m[football-dynasty-api] [nio-8080-exec-7][0;39m [2m[0;39m[36mc.f.service.StandingServiceImpl         [0;39m [2m:[0;39m Finding standings by year: 2024 and conference: null
[2m2025-06-16T21:05:24.984-04:00[0;39m [32mDEBUG[0;39m [35m84843[0;39m [2m---[0;39m [2m[football-dynasty-api] [nio-8080-exec-7][0;39m [2m[0;39m[36mc.f.service.StandingServiceImpl         [0;39m [2m:[0;39m Found 0 top 25 ranked teams for year 2024
[2m2025-06-16T21:05:24.984-04:00[0;39m [32mDEBUG[0;39m [35m84843[0;39m [2m---[0;39m [2m[football-dynasty-api] [nio-8080-exec-7][0;39m [2m[0;39m[36mc.f.controller.StandingController       [0;39m [2m:[0;39m Retrieved 0 standings (total: 0)
[2m2025-06-16T21:05:28.792-04:00[0;39m [32mDEBUG[0;39m [35m84843[0;39m [2m---[0;39m [2m[football-dynasty-api] [nio-8080-exec-9][0;39m [2m[0;39m[36mo.s.security.web.FilterChainProxy       [0;39m [2m:[0;39m Securing GET /standings?year=2024
[2m2025-06-16T21:05:28.792-04:00[0;39m [32mDEBUG[0;39m [35m84843[0;39m [2m---[0;39m [2m[football-dynasty-api] [nio-8080-exec-9][0;39m [2m[0;39m[36mo.s.s.w.a.AnonymousAuthenticationFilter [0;39m [2m:[0;39m Set SecurityContextHolder to anonymous SecurityContext
[2m2025-06-16T21:05:28.792-04:00[0;39m [32mDEBUG[0;39m [35m84843[0;39m [2m---[0;39m [2m[football-dynasty-api] [nio-8080-exec-9][0;39m [2m[0;39m[36mo.s.security.web.FilterChainProxy       [0;39m [2m:[0;39m Secured GET /standings?year=2024
[2m2025-06-16T21:05:28.793-04:00[0;39m [32m INFO[0;39m [35m84843[0;39m [2m---[0;39m [2m[football-dynasty-api] [nio-8080-exec-9][0;39m [2m[0;39m[36mc.f.controller.StandingController       [0;39m [2m:[0;39m GET /standings - year: 2024, conference: null, page: 0
[2m2025-06-16T21:05:28.793-04:00[0;39m [32m INFO[0;39m [35m84843[0;39m [2m---[0;39m [2m[football-dynasty-api] [nio-8080-exec-9][0;39m [2m[0;39m[36mc.f.service.StandingServiceImpl         [0;39m [2m:[0;39m Finding standings by year: 2024 and conference: null
[2m2025-06-16T21:05:28.795-04:00[0;39m [32mDEBUG[0;39m [35m84843[0;39m [2m---[0;39m [2m[football-dynasty-api] [nio-8080-exec-9][0;39m [2m[0;39m[36mc.f.service.StandingServiceImpl         [0;39m [2m:[0;39m Found 0 top 25 ranked teams for year 2024
[2m2025-06-16T21:05:28.795-04:00[0;39m [32mDEBUG[0;39m [35m84843[0;39m [2m---[0;39m [2m[football-dynasty-api] [nio-8080-exec-9][0;39m [2m[0;39m[36mc.f.controller.StandingController       [0;39m [2m:[0;39m Retrieved 0 standings (total: 0)
[2m2025-06-16T21:05:29.858-04:00[0;39m [32mDEBUG[0;39m [35m84843[0;39m [2m---[0;39m [2m[football-dynasty-api] [nio-8080-exec-1][0;39m [2m[0;39m[36mo.s.security.web.FilterChainProxy       [0;39m [2m:[0;39m Securing GET /standings?conference=SEC
[2m2025-06-16T21:05:29.858-04:00[0;39m [32mDEBUG[0;39m [35m84843[0;39m [2m---[0;39m [2m[football-dynasty-api] [nio-8080-exec-1][0;39m [2m[0;39m[36mo.s.s.w.a.AnonymousAuthenticationFilter [0;39m [2m:[0;39m Set SecurityContextHolder to anonymous SecurityContext
[2m2025-06-16T21:05:29.858-04:00[0;39m [32mDEBUG[0;39m [35m84843[0;39m [2m---[0;39m [2m[football-dynasty-api] [nio-8080-exec-1][0;39m [2m[0;39m[36mo.s.security.web.FilterChainProxy       [0;39m [2m:[0;39m Secured GET /standings?conference=SEC
[2m2025-06-16T21:05:29.860-04:00[0;39m [32m INFO[0;39m [35m84843[0;39m [2m---[0;39m [2m[football-dynasty-api] [nio-8080-exec-1][0;39m [2m[0;39m[36mc.f.controller.StandingController       [0;39m [2m:[0;39m GET /standings - year: null, conference: SEC, page: 0
[2m2025-06-16T21:05:29.861-04:00[0;39m [32m INFO[0;39m [35m84843[0;39m [2m---[0;39m [2m[football-dynasty-api] [nio-8080-exec-1][0;39m [2m[0;39m[36mc.f.service.StandingServiceImpl         [0;39m [2m:[0;39m Finding standings by year: null and conference: SEC
[2m2025-06-16T21:05:29.865-04:00[0;39m [32mDEBUG[0;39m [35m84843[0;39m [2m---[0;39m [2m[football-dynasty-api] [nio-8080-exec-1][0;39m [2m[0;39m[36mc.f.service.StandingServiceImpl         [0;39m [2m:[0;39m Found 16 standings for conference 'SEC' in current year 2025
[2m2025-06-16T21:05:29.869-04:00[0;39m [32mDEBUG[0;39m [35m84843[0;39m [2m---[0;39m [2m[football-dynasty-api] [nio-8080-exec-1][0;39m [2m[0;39m[36mc.f.controller.StandingController       [0;39m [2m:[0;39m Retrieved 16 standings (total: 16)
[2m2025-06-16T21:05:31.462-04:00[0;39m [32mDEBUG[0;39m [35m84843[0;39m [2m---[0;39m [2m[football-dynasty-api] [nio-8080-exec-3][0;39m [2m[0;39m[36mo.s.security.web.FilterChainProxy       [0;39m [2m:[0;39m Securing GET /standings?year=2025
[2m2025-06-16T21:05:31.462-04:00[0;39m [32mDEBUG[0;39m [35m84843[0;39m [2m---[0;39m [2m[football-dynasty-api] [nio-8080-exec-3][0;39m [2m[0;39m[36mo.s.s.w.a.AnonymousAuthenticationFilter [0;39m [2m:[0;39m Set SecurityContextHolder to anonymous SecurityContext
[2m2025-06-16T21:05:31.462-04:00[0;39m [32mDEBUG[0;39m [35m84843[0;39m [2m---[0;39m [2m[football-dynasty-api] [nio-8080-exec-3][0;39m [2m[0;39m[36mo.s.security.web.FilterChainProxy       [0;39m [2m:[0;39m Secured GET /standings?year=2025
[2m2025-06-16T21:05:31.463-04:00[0;39m [32m INFO[0;39m [35m84843[0;39m [2m---[0;39m [2m[football-dynasty-api] [nio-8080-exec-3][0;39m [2m[0;39m[36mc.f.controller.StandingController       [0;39m [2m:[0;39m GET /standings - year: 2025, conference: null, page: 0
[2m2025-06-16T21:05:31.464-04:00[0;39m [32m INFO[0;39m [35m84843[0;39m [2m---[0;39m [2m[football-dynasty-api] [nio-8080-exec-3][0;39m [2m[0;39m[36mc.f.service.StandingServiceImpl         [0;39m [2m:[0;39m Finding standings by year: 2025 and conference: null
[2m2025-06-16T21:05:31.470-04:00[0;39m [32mDEBUG[0;39m [35m84843[0;39m [2m---[0;39m [2m[football-dynasty-api] [nio-8080-exec-3][0;39m [2m[0;39m[36mc.f.service.StandingServiceImpl         [0;39m [2m:[0;39m Found 25 top 25 ranked teams for year 2025
[2m2025-06-16T21:05:31.487-04:00[0;39m [32mDEBUG[0;39m [35m84843[0;39m [2m---[0;39m [2m[football-dynasty-api] [nio-8080-exec-3][0;39m [2m[0;39m[36mc.f.controller.StandingController       [0;39m [2m:[0;39m Retrieved 20 standings (total: 25)
[2m2025-06-16T21:05:36.349-04:00[0;39m [32mDEBUG[0;39m [35m84843[0;39m [2m---[0;39m [2m[football-dynasty-api] [nio-8080-exec-5][0;39m [2m[0;39m[36mo.s.security.web.FilterChainProxy       [0;39m [2m:[0;39m Securing GET /standings/99999999-9999-9999-9999-999999999999
[2m2025-06-16T21:05:36.349-04:00[0;39m [32mDEBUG[0;39m [35m84843[0;39m [2m---[0;39m [2m[football-dynasty-api] [nio-8080-exec-5][0;39m [2m[0;39m[36mo.s.s.w.a.AnonymousAuthenticationFilter [0;39m [2m:[0;39m Set SecurityContextHolder to anonymous SecurityContext
[2m2025-06-16T21:05:36.349-04:00[0;39m [32mDEBUG[0;39m [35m84843[0;39m [2m---[0;39m [2m[football-dynasty-api] [nio-8080-exec-5][0;39m [2m[0;39m[36mo.s.security.web.FilterChainProxy       [0;39m [2m:[0;39m Secured GET /standings/99999999-9999-9999-9999-999999999999
[2m2025-06-16T21:05:36.350-04:00[0;39m [32m INFO[0;39m [35m84843[0;39m [2m---[0;39m [2m[football-dynasty-api] [nio-8080-exec-5][0;39m [2m[0;39m[36mc.f.controller.StandingController       [0;39m [2m:[0;39m GET /standings/99999999-9999-9999-9999-999999999999
[2m2025-06-16T21:05:36.350-04:00[0;39m [32m INFO[0;39m [35m84843[0;39m [2m---[0;39m [2m[football-dynasty-api] [nio-8080-exec-5][0;39m [2m[0;39m[36mc.f.service.StandingServiceImpl         [0;39m [2m:[0;39m Finding standing by id: 99999999-9999-9999-9999-999999999999
[2m2025-06-16T21:05:38.175-04:00[0;39m [32mDEBUG[0;39m [35m84843[0;39m [2m---[0;39m [2m[football-dynasty-api] [nio-8080-exec-7][0;39m [2m[0;39m[36mo.s.security.web.FilterChainProxy       [0;39m [2m:[0;39m Securing GET /standings/99999999-9999-9999-9999-999999999999
[2m2025-06-16T21:05:38.176-04:00[0;39m [32mDEBUG[0;39m [35m84843[0;39m [2m---[0;39m [2m[football-dynasty-api] [nio-8080-exec-7][0;39m [2m[0;39m[36mo.s.s.w.a.AnonymousAuthenticationFilter [0;39m [2m:[0;39m Set SecurityContextHolder to anonymous SecurityContext
[2m2025-06-16T21:05:38.176-04:00[0;39m [32mDEBUG[0;39m [35m84843[0;39m [2m---[0;39m [2m[football-dynasty-api] [nio-8080-exec-7][0;39m [2m[0;39m[36mo.s.security.web.FilterChainProxy       [0;39m [2m:[0;39m Secured GET /standings/99999999-9999-9999-9999-999999999999
[2m2025-06-16T21:05:38.176-04:00[0;39m [32m INFO[0;39m [35m84843[0;39m [2m---[0;39m [2m[football-dynasty-api] [nio-8080-exec-7][0;39m [2m[0;39m[36mc.f.controller.StandingController       [0;39m [2m:[0;39m GET /standings/99999999-9999-9999-9999-999999999999
[2m2025-06-16T21:05:38.177-04:00[0;39m [32m INFO[0;39m [35m84843[0;39m [2m---[0;39m [2m[football-dynasty-api] [nio-8080-exec-7][0;39m [2m[0;39m[36mc.f.service.StandingServiceImpl         [0;39m [2m:[0;39m Finding standing by id: 99999999-9999-9999-9999-999999999999
[2m2025-06-16T21:05:55.864-04:00[0;39m [32m INFO[0;39m [35m84843[0;39m [2m---[0;39m [2m[football-dynasty-api] [ionShutdownHook][0;39m [2m[0;39m[36mj.LocalContainerEntityManagerFactoryBean[0;39m [2m:[0;39m Closing JPA EntityManagerFactory for persistence unit 'default'
[2m2025-06-16T21:05:55.867-04:00[0;39m [32m INFO[0;39m [35m84843[0;39m [2m---[0;39m [2m[football-dynasty-api] [ionShutdownHook][0;39m [2m[0;39m[36mcom.zaxxer.hikari.HikariDataSource      [0;39m [2m:[0;39m HikariPool-1 - Shutdown initiated...
[2m2025-06-16T21:05:55.870-04:00[0;39m [32m INFO[0;39m [35m84843[0;39m [2m---[0;39m [2m[football-dynasty-api] [ionShutdownHook][0;39m [2m[0;39m[36mcom.zaxxer.hikari.HikariDataSource      [0;39m [2m:[0;39m HikariPool-1 - Shutdown completed.
